2026-01-31 17:08:10,666 - INFO - ... Iniciando script de actualización con LOGGING ...
2026-01-31 17:08:10,667 - INFO - Importando servicios...
2026-01-31 17:08:11,833 - INFO - Iniciando run_update()...
2026-01-31 17:08:11,833 - INFO - ====== WebDriver manager ======
2026-01-31 17:08:15,159 - INFO - Get LATEST chromedriver version for google-chrome
2026-01-31 17:08:15,202 - INFO - Get LATEST chromedriver version for google-chrome
2026-01-31 17:08:15,228 - INFO - Driver [C:\Users\Yrving\.wdm\drivers\chromedriver\win64\144.0.7559.109\chromedriver-win32/chromedriver.exe] found in cache
2026-01-31 17:08:16,404 - INFO - [SERVICE] Iniciando Login en Evolta...
2026-01-31 17:08:27,066 - INFO - [SERVICE] Login enviado. Esperando...
2026-01-31 17:08:27,066 - INFO - [SERVICE] Descargando Ventas 2021...
2026-01-31 17:08:44,162 - INFO - [SERVICE]    Archivo guardado: ventas_2021.xlsx
2026-01-31 17:08:44,163 - INFO - [SERVICE] Descargando Ventas 2022...
2026-01-31 17:09:04,785 - INFO - [SERVICE]    Archivo guardado: ventas_2022.xlsx
2026-01-31 17:09:04,785 - INFO - [SERVICE] Descargando Ventas 2023...
2026-01-31 17:09:22,503 - INFO - [SERVICE]    Archivo guardado: ventas_2023.xlsx
2026-01-31 17:09:22,503 - INFO - [SERVICE] Descargando Ventas 2024...
2026-01-31 17:09:42,645 - INFO - [SERVICE]    Archivo guardado: ventas_2024.xlsx
2026-01-31 17:09:42,646 - INFO - [SERVICE] Descargando Ventas 2025...
2026-01-31 17:09:59,303 - INFO - [SERVICE]    Archivo guardado: ventas_2025.xlsx
2026-01-31 17:09:59,304 - INFO - [SERVICE] Descargando Ventas 2026...
2026-01-31 17:10:15,976 - INFO - [SERVICE]    Archivo guardado: ventas_2026.xlsx
2026-01-31 17:10:15,977 - INFO - [SERVICE] Consolidando informacion...
2026-01-31 17:10:18,603 - INFO - [SERVICE] Base de Datos Generada: C:\Users\Yrving\WHAT_EVO_PRO\CLIENTES_DB.xlsx (1311 registros)
2026-01-31 17:10:23,870 - INFO - ✅ EXITO: Actualización completada en 132 segundos.
2026-01-31 17:10:23,870 - INFO - Fin del script.
